app/build/outputs/mapping/googlePlay/release/seeds.txt
io.pocketseo.AboutActivity
io.pocketseo.AboutActivity: AboutActivity()
io.pocketseo.InlineDetailActivity
io.pocketseo.InlineDetailActivity: InlineDetailActivity()
io.pocketseo.LinksFragment
io.pocketseo.LinksFragment: LinksFragment()
io.pocketseo.LinksOptionsFragment
io.pocketseo.LinksOptionsFragment: LinksOptionsFragment()
io.pocketseo.MainActivity
io.pocketseo.MainActivity: MainActivity()
io.pocketseo.PocketSeoApplication
io.pocketseo.PocketSeoApplication: PocketSeoApplication()
io.pocketseo.R$anim: int abc_fade_in
io.pocketseo.R$anim: int abc_fade_out
io.pocketseo.R$anim: int abc_grow_fade_in_from_bottom
io.pocketseo.R$anim: int abc_popup_enter
io.pocketseo.R$anim: int abc_popup_exit
io.pocketseo.R$anim: int abc_shrink_fade_out_from_bottom
io.pocketseo.R$anim: int abc_slide_in_bottom
io.pocketseo.R$anim: int abc_slide_in_top
io.pocketseo.R$anim: int abc_slide_out_bottom
io.pocketseo.R$anim: int abc_slide_out_top
io.pocketseo.R$anim: int design_bottom_sheet_slide_in
io.pocketseo.R$anim: int design_bottom_sheet_slide_out
io.pocketseo.R$anim: int design_fab_in
io.pocketseo.R$anim: int design_fab_out
io.pocketseo.R$anim: int design_snackbar_in
io.pocketseo.R$anim: int design_snackbar_out
io.pocketseo.R$anim: int lift_up
io.pocketseo.R$array: int libraries
io.pocketseo.R$attr: int actionBarDivider
io.pocketseo.R$attr: int actionBarItemBackground
io.pocketseo.R$attr: int actionBarPopupTheme
io.pocketseo.R$attr: int actionBarSize
io.pocketseo.R$attr: int actionBarSplitStyle
io.pocketseo.R$attr: int actionBarStyle
io.pocketseo.R$attr: int actionBarTabBarStyle
io.pocketseo.R$attr: int actionBarTabStyle
io.pocketseo.R$attr: int actionBarTabTextStyle
io.pocketseo.R$attr: int actionBarTheme
io.pocketseo.R$attr: int actionBarWidgetTheme
io.pocketseo.R$attr: int actionButtonStyle
io.pocketseo.R$attr: int actionDropDownStyle
io.pocketseo.R$attr: int actionLayout
io.pocketseo.R$attr: int actionMenuTextAppearance
io.pocketseo.R$attr: int actionMenuTextColor
io.pocketseo.R$attr: int actionModeBackground
io.pocketseo.R$attr: int actionModeCloseButtonStyle
io.pocketseo.R$attr: int actionModeCloseDrawable
io.pocketseo.R$attr: int actionModeCopyDrawable
io.pocketseo.R$attr: int actionModeCutDrawable
io.pocketseo.R$attr: int actionModeFindDrawable
io.pocketseo.R$attr: int actionModePasteDrawable
io.pocketseo.R$attr: int actionModePopupWindowStyle
io.pocketseo.R$attr: int actionModeSelectAllDrawable
io.pocketseo.R$attr: int actionModeShareDrawable
io.pocketseo.R$attr: int actionModeSplitBackground
io.pocketseo.R$attr: int actionModeStyle
io.pocketseo.R$attr: int actionModeWebSearchDrawable
io.pocketseo.R$attr: int actionOverflowButtonStyle
io.pocketseo.R$attr: int actionOverflowMenuStyle
io.pocketseo.R$attr: int actionProviderClass
io.pocketseo.R$bool: int abc_action_bar_embed_tabs
io.pocketseo.R$bool: int abc_action_bar_embed_tabs_pre_jb
io.pocketseo.R$bool: int abc_action_bar_expanded_action_views_exclusive
io.pocketseo.R$bool: int abc_allow_stacked_button_bar
io.pocketseo.R$bool: int abc_config_actionMenuItemAllCaps
io.pocketseo.R$bool: int abc_config_allowActionMenuItemTextWithIcon
io.pocketseo.R$bool: int abc_config_closeDialogWhenTouchOutside
io.pocketseo.R$bool: int abc_config_showMenuShortcutsWhenKeyboardPresent
...
android.support.design.internal.NavigationSubMenu
android.support.design.internal.NavigationSubMenu: NavigationSubMenu(android.content.Context,android.support.design.internal.NavigationMenu,android.support.v7.view.menu.MenuItemImpl)
android.support.design.internal.NavigationSubMenu: void onItemsChanged(boolean)
android.support.design.internal.ParcelableSparseArray
android.support.design.internal.ParcelableSparseArray: android.os.Parcelable$Creator CREATOR
android.support.design.internal.ParcelableSparseArray: ParcelableSparseArray()
android.support.design.internal.ParcelableSparseArray: ParcelableSparseArray(android.os.Parcel,java.lang.ClassLoader)
android.support.design.internal.ParcelableSparseArray: int describeContents()
android.support.design.internal.ParcelableSparseArray: void writeToParcel(android.os.Parcel,int)
android.support.design.internal.ParcelableSparseArray: void <clinit>()
android.support.design.internal.ParcelableSparseArray$1
android.support.design.internal.ParcelableSparseArray$1: ParcelableSparseArray$1()
android.support.design.internal.ParcelableSparseArray$1: android.support.design.internal.ParcelableSparseArray createFromParcel(android.os.Parcel,java.lang.ClassLoader)
android.support.design.internal.ParcelableSparseArray$1: android.support.design.internal.ParcelableSparseArray[] newArray(int)
android.support.design.internal.ParcelableSparseArray$1: java.lang.Object[] newArray(int)
android.support.design.internal.ParcelableSparseArray$1: java.lang.Object createFromParcel(android.os.Parcel,java.lang.ClassLoader)
android.support.design.internal.ScrimInsetsFrameLayout
android.support.design.internal.ScrimInsetsFrameLayout: android.graphics.drawable.Drawable mInsetForeground
android.support.design.internal.ScrimInsetsFrameLayout: android.graphics.Rect mInsets
android.support.design.internal.ScrimInsetsFrameLayout: android.graphics.Rect mTempRect
android.support.design.internal.ScrimInsetsFrameLayout: ScrimInsetsFrameLayout(android.content.Context)
android.support.design.internal.ScrimInsetsFrameLayout: ScrimInsetsFrameLayout(android.content.Context,android.util.AttributeSet)
android.support.design.internal.ScrimInsetsFrameLayout: ScrimInsetsFrameLayout(android.content.Context,android.util.AttributeSet,int)
android.support.design.internal.ScrimInsetsFrameLayout: void draw(android.graphics.Canvas)
android.support.design.internal.ScrimInsetsFrameLayout: void onAttachedToWindow()
android.support.design.internal.ScrimInsetsFrameLayout: void onDetachedFromWindow()
android.support.design.internal.ScrimInsetsFrameLayout: void onInsetsChanged(android.graphics.Rect)
android.support.design.internal.ScrimInsetsFrameLayout: android.graphics.Rect access$000(android.support.design.internal.ScrimInsetsFrameLayout)
android.support.design.internal.ScrimInsetsFrameLayout: android.graphics.Rect access$002(android.support.design.internal.ScrimInsetsFrameLayout,android.graphics.Rect)
android.support.design.internal.ScrimInsetsFrameLayout$1
android.support.design.internal.ScrimInsetsFrameLayout$1: android.support.design.internal.ScrimInsetsFrameLayout this$0
android.support.design.internal.ScrimInsetsFrameLayout$1: ScrimInsetsFrameLayout$1(android.support.design.internal.ScrimInsetsFrameLayout)
android.support.design.internal.ScrimInsetsFrameLayout$1: android.support.v4.view.WindowInsetsCompat onApplyWindowInsets(android.view.View,android.support.v4.view.WindowInsetsCompat)