app/build/outputs/mapping/googlePlay/release/usage.txt
io.pocketseo.AnalyticsValues
io.pocketseo.BR
io.pocketseo.BuildConfig:
    public static final boolean DEBUG
    public static final java.lang.String APPLICATION_ID
    public static final java.lang.String BUILD_TYPE
    public static final java.lang.String FLAVOR
    public static final int VERSION_CODE
    public static final java.lang.String VERSION_NAME
    public static final java.lang.String MOZSCAPE_ACCESS_KEY
    public static final boolean USE_CRASHLYTICS
    6:6:public BuildConfig()
io.pocketseo.EmailHelper:
    15:15:public EmailHelper()
io.pocketseo.LinksFragment:
    private static final java.lang.String ARG_WEBSITE
    54:58:public static io.pocketseo.LinksFragment newInstance(java.lang.String)
io.pocketseo.LinksFragment$LinksAdapter:
    private static final int TYPE_LINK
    private static final int TYPE_LOADING
    private static final int TYPE_HEADER
io.pocketseo.LinksFragment$LinksAdapter$1:
    177:178:public void onMoved(int,int)
io.pocketseo.LinksParentFragment:
    private static final int LOADER_ID
    private static final java.lang.String ARG_WEBSITE
    143:143:public java.lang.String getWebsite()
io.pocketseo.LinksPresenter:
    206:207:public void resetFilter()
io.pocketseo.MainActivity:
    public static final java.lang.String EXTRA_WEBSITE
    private static final java.lang.String FRAGMENT_URL_METRICS
io.pocketseo.PieDrawable:
    private float mValue
io.pocketseo.Presenter:
    public abstract void onViewDetached()
io.pocketseo.R
io.pocketseo.R$anim
io.pocketseo.R$array
io.pocketseo.R$attr
io.pocketseo.R$bool
io.pocketseo.R$color
io.pocketseo.R$dimen
io.pocketseo.R$drawable
io.pocketseo.R$id
io.pocketseo.R$integer
io.pocketseo.R$layout
io.pocketseo.R$menu
io.pocketseo.R$mipmap
io.pocketseo.R$raw
io.pocketseo.R$string
io.pocketseo.R$style
io.pocketseo.R$styleable
io.pocketseo.R$xml
io.pocketseo.TabManagerFragment:
    private static final java.lang.String ARG_WEBSITE
io.pocketseo.UrlMetricsFragment:
    private static final java.lang.String ARG_WEBSITE
io.pocketseo.databinding.ActivityMainBinding:
    71:76:public boolean setVariable(int,java.lang.Object)
    88:88:public boolean getStandalone()
    140:140:public static io.pocketseo.databinding.ActivityMainBinding inflate(android.view.LayoutInflater,android.view.ViewGroup,boolean)
    143:143:public static io.pocketseo.databinding.ActivityMainBinding inflate(android.view.LayoutInflater,android.view.ViewGroup,boolean,android.databinding.DataBindingComponent)
    146:146:public static io.pocketseo.databinding.ActivityMainBinding inflate(android.view.LayoutInflater)
    149:149:public static io.pocketseo.databinding.ActivityMainBinding inflate(android.view.LayoutInflater,android.databinding.DataBindingComponent)
    152:152:public static io.pocketseo.databinding.ActivityMainBinding bind(android.view.View)
io.pocketseo.databinding.CardHtmldataBinding:
    122:133:public boolean setVariable(int,java.lang.Object)
    145:145:public java.lang.String getHtmldataError()
    156:156:public boolean getHtmldataLoading()
    167:167:public io.pocketseo.viewmodel.HtmldataModel getHtmldata()
    388:388:public static io.pocketseo.databinding.CardHtmldataBinding inflate(android.view.LayoutInflater,android.view.ViewGroup,boolean)
    391:391:public static io.pocketseo.databinding.CardHtmldataBinding inflate(android.view.LayoutInflater,android.view.ViewGroup,boolean,android.databinding.DataBindingComponent)
    394:394:public static io.pocketseo.databinding.CardHtmldataBinding inflate(android.view.LayoutInflater)
    397:397:public static io.pocketseo.databinding.CardHtmldataBinding inflate(android.view.LayoutInflater,android.databinding.DataBindingComponent)
    400:400:public static io.pocketseo.databinding.CardHtmldataBinding bind(android.view.View)
...
rx.internal.operators.OperatorTimestamp
rx.internal.operators.OperatorTimestamp$1
rx.internal.operators.OperatorToMap
rx.internal.operators.OperatorToMap$1
rx.internal.operators.OperatorToMap$DefaultToMapFactory
rx.internal.operators.OperatorToMultimap
rx.internal.operators.OperatorToMultimap$1
rx.internal.operators.OperatorToMultimap$DefaultMultimapCollectionFactory
rx.internal.operators.OperatorToMultimap$DefaultToMultimapFactory
rx.internal.operators.OperatorToObservableList
rx.internal.operators.OperatorToObservableList$1
rx.internal.operators.OperatorToObservableList$Holder
rx.internal.operators.OperatorToObservableSortedList
rx.internal.operators.OperatorToObservableSortedList$1
rx.internal.operators.OperatorToObservableSortedList$2
rx.internal.operators.OperatorToObservableSortedList$DefaultComparableFunction
rx.internal.operators.OperatorWindowWithObservable
rx.internal.operators.OperatorWindowWithObservable$BoundarySubscriber
rx.internal.operators.OperatorWindowWithObservable$SourceSubscriber
rx.internal.operators.OperatorWindowWithObservableFactory
rx.internal.operators.OperatorWindowWithObservableFactory$BoundarySubscriber
rx.internal.operators.OperatorWindowWithObservableFactory$SourceSubscriber
rx.internal.operators.OperatorWindowWithSize
rx.internal.operators.OperatorWindowWithSize$CountedSubject
rx.internal.operators.OperatorWindowWithSize$ExactSubscriber
rx.internal.operators.OperatorWindowWithSize$ExactSubscriber$1
rx.internal.operators.OperatorWindowWithSize$ExactSubscriber$2
rx.internal.operators.OperatorWindowWithSize$InexactSubscriber
rx.internal.operators.OperatorWindowWithSize$InexactSubscriber$1
rx.internal.operators.OperatorWindowWithSize$InexactSubscriber$2
rx.internal.operators.OperatorWindowWithStartEndObservable
rx.internal.operators.OperatorWindowWithStartEndObservable$1
rx.internal.operators.OperatorWindowWithStartEndObservable$SerializedSubject
rx.internal.operators.OperatorWindowWithStartEndObservable$SourceSubscriber
rx.internal.operators.OperatorWindowWithStartEndObservable$SourceSubscriber$1
rx.internal.operators.OperatorWindowWithTime
rx.internal.operators.OperatorWindowWithTime$CountedSerializedSubject
rx.internal.operators.OperatorWindowWithTime$ExactSubscriber
rx.internal.operators.OperatorWindowWithTime$ExactSubscriber$1
rx.internal.operators.OperatorWindowWithTime$ExactSubscriber$2
rx.internal.operators.OperatorWindowWithTime$InexactSubscriber
rx.internal.operators.OperatorWindowWithTime$InexactSubscriber$1
rx.internal.operators.OperatorWindowWithTime$InexactSubscriber$2
rx.internal.operators.OperatorWindowWithTime$State
rx.internal.operators.OperatorWithLatestFrom
rx.internal.operators.OperatorWithLatestFrom$1
rx.internal.operators.OperatorWithLatestFrom$2
rx.internal.operators.OperatorZip
rx.internal.operators.OperatorZip$Zip
rx.internal.operators.OperatorZip$Zip$InnerSubscriber
rx.internal.operators.OperatorZip$ZipProducer
rx.internal.operators.OperatorZip$ZipSubscriber
rx.internal.operators.OperatorZipIterable
rx.internal.operators.OperatorZipIterable$1
rx.internal.operators.TakeLastQueueProducer
rx.internal.operators.UnicastSubject
rx.internal.operators.UnicastSubject$State
rx.internal.producers.ProducerObserverArbiter
rx.internal.producers.ProducerObserverArbiter$1
rx.internal.producers.QueuedProducer
rx.internal.producers.QueuedValueProducer
rx.internal.producers.SingleDelayedProducer:
    private static final long serialVersionUID
    static final int NO_REQUEST_NO_VALUE
    static final int NO_REQUEST_HAS_VALUE
    static final int HAS_REQUEST_NO_VALUE
    static final int HAS_REQUEST_HAS_VALUE
rx.internal.producers.SingleProducer
rx.internal.schedulers.EventLoopsScheduler:
    private static final java.lang.String THREAD_NAME_PREFIX
    static final java.lang.String KEY_MAX_THREADS
rx.internal.schedulers.GenericScheduledExecutorService:
    private static final java.lang.String THREAD_NAME_PREFIX